c:\users\nayup\documents\visualstudio2017\project_base\debug\vc141.pdb
c:\users\nayup\documents\visualstudio2017\project_base\debug\vc141.idb
c:\users\nayup\documents\visualstudio2017\project_base\debug\polygon.obj
c:\users\nayup\documents\visualstudio2017\project_base\debug\player.obj
c:\users\nayup\documents\visualstudio2017\project_base\debug\model.obj
c:\users\nayup\documents\visualstudio2017\project_base\debug\meshfield.obj
c:\users\nayup\documents\visualstudio2017\project_base\debug\manager.obj
c:\users\nayup\documents\visualstudio2017\project_base\debug\main.obj
c:\users\nayup\documents\visualstudio2017\project_base\debug\input.obj
c:\users\nayup\documents\visualstudio2017\project_base\debug\imgui_widgets.obj
c:\users\nayup\documents\visualstudio2017\project_base\debug\imgui_impl_win32.obj
c:\users\nayup\documents\visualstudio2017\project_base\debug\imgui_impl_sdl.obj
c:\users\nayup\documents\visualstudio2017\project_base\debug\imgui_impl_dx11.obj
c:\users\nayup\documents\visualstudio2017\project_base\debug\imgui_draw.obj
c:\users\nayup\documents\visualstudio2017\project_base\debug\imgui.obj
c:\users\nayup\documents\visualstudio2017\project_base\debug\field.obj
c:\users\nayup\documents\visualstudio2017\project_base\debug\enemy.obj
c:\users\nayup\documents\visualstudio2017\project_base\debug\debugui.obj
c:\users\nayup\documents\visualstudio2017\project_base\debug\cskybox.obj
c:\users\nayup\documents\visualstudio2017\project_base\debug\cbullet.obj
c:\users\nayup\documents\visualstudio2017\project_base\debug\camera.obj
c:\users\nayup\documents\visualstudio2017\project_base\debug\billboard.obj
c:\users\nayup\documents\visualstudio2017\project_base\debug\wall.obj
c:\users\nayup\documents\visualstudio2017\project_base\debug\texture.obj
c:\users\nayup\documents\visualstudio2017\project_base\debug\cstage.obj
c:\users\nayup\documents\visualstudio2017\project_base\debug\renderer.obj
c:\users\nayup\documents\visualstudio2017\project_base\debug\cstagepanel.obj
c:\users\nayup\documents\visualstudio2017\project_base\debug\cstagemanager.obj
c:\users\nayup\documents\visualstudio2017\project_base\debug\modelloader.obj
c:\users\nayup\documents\visualstudio2017\project_base\debug\assimpmodel.obj
c:\users\nayup\documents\visualstudio2017\project_base\debug\ctitle.obj
c:\users\nayup\documents\visualstudio2017\project_base\debug\cresult.obj
c:\users\nayup\documents\visualstudio2017\project_base\debug\cgame.obj
c:\users\nayup\documents\visualstudio2017\project_base\debug\audio_clip.obj
c:\users\nayup\documents\visualstudio2017\project_base\debug\ccursor.obj
c:\users\nayup\documents\visualstudio2017\project_base\debug\ccube.obj
c:\users\nayup\documents\visualstudio2017\project_base\debug\csystemmain.obj
c:\users\nayup\documents\visualstudio2017\project_base\debug\csystembattle.obj
c:\users\nayup\documents\visualstudio2017\project_base\debug\c3dpolygon.obj
c:\users\nayup\documents\visualstudio2017\project_base\debug\arrowsline.obj
c:\users\nayup\documents\visualstudio2017\project_base\debug\gamemenu_ui.obj
c:\users\nayup\documents\visualstudio2017\project_base\debug\pixelshader.cso
c:\users\nayup\documents\visualstudio2017\project_base\debug\vertexshader.cso
c:\users\nayup\documents\visualstudio2017\project_base\debug\project_base.exe
c:\users\nayup\documents\visualstudio2017\project_base\debug\project_base.ilk
c:\users\nayup\documents\visualstudio2017\project_base\debug\project_base.pdb
c:\users\nayup\documents\visualstudio2017\project_base\debug\project_base.tlog\cl.command.1.tlog
c:\users\nayup\documents\visualstudio2017\project_base\debug\project_base.tlog\cl.read.1.tlog
c:\users\nayup\documents\visualstudio2017\project_base\debug\project_base.tlog\cl.write.1.tlog
c:\users\nayup\documents\visualstudio2017\project_base\debug\project_base.tlog\fxc.command.1.tlog
c:\users\nayup\documents\visualstudio2017\project_base\debug\project_base.tlog\fxc.read.1.tlog
c:\users\nayup\documents\visualstudio2017\project_base\debug\project_base.tlog\fxc.write.1.tlog
c:\users\nayup\documents\visualstudio2017\project_base\debug\project_base.tlog\link.command.1.tlog
c:\users\nayup\documents\visualstudio2017\project_base\debug\project_base.tlog\link.read.1.tlog
c:\users\nayup\documents\visualstudio2017\project_base\debug\project_base.tlog\link.write.1.tlog
