  Billboard.cpp
  CGame.cpp
c:\program files\assimp\include\assimp\defs.h : warning C4819: ファイルは、現在のコード ページ (932) で表示できない文字を含んでいます。データの損失を防ぐために、ファイルを Unicode 形式で保存してください。
c:\program files\assimp\include\assimp\matrix3x3.h : warning C4819: ファイルは、現在のコード ページ (932) で表示できない文字を含んでいます。データの損失を防ぐために、ファイルを Unicode 形式で保存してください。
c:\program files\assimp\include\assimp\matrix3x3.inl : warning C4819: ファイルは、現在のコード ページ (932) で表示できない文字を含んでいます。データの損失を防ぐために、ファイルを Unicode 形式で保存してください。
c:\program files\assimp\include\assimp\matrix4x4.inl : warning C4819: ファイルは、現在のコード ページ (932) で表示できない文字を含んでいます。データの損失を防ぐために、ファイルを Unicode 形式で保存してください。
c:\users\nayup\documents\visualstudio2017\project_base\gamesystem\cmovesearch.h(45): warning C4018: '<': signed と unsigned の数値を比較しようとしました。
c:\users\nayup\documents\visualstudio2017\project_base\gamesystem\cattacksearch.h(45): warning C4018: '<': signed と unsigned の数値を比較しようとしました。
c:\users\nayup\documents\visualstudio2017\project_base\scene.h(70): warning C4316: 'CCamera': ヒープで割り当てられたオブジェクトが 16 にアラインメントされていない可能性があります
  c:\users\nayup\documents\visualstudio2017\project_base\cgame.cpp(45): note: コンパイル対象の関数 テンプレート インスタンス化 'T *CScene::AddGameObject<CCamera>(int)' のリファレンスを確認してください
          with
          [
              T=CCamera
          ]
  CSkyBox.cpp
c:\program files\assimp\include\assimp\defs.h : warning C4819: ファイルは、現在のコード ページ (932) で表示できない文字を含んでいます。データの損失を防ぐために、ファイルを Unicode 形式で保存してください。
c:\program files\assimp\include\assimp\matrix3x3.h : warning C4819: ファイルは、現在のコード ページ (932) で表示できない文字を含んでいます。データの損失を防ぐために、ファイルを Unicode 形式で保存してください。
c:\program files\assimp\include\assimp\matrix3x3.inl : warning C4819: ファイルは、現在のコード ページ (932) で表示できない文字を含んでいます。データの損失を防ぐために、ファイルを Unicode 形式で保存してください。
c:\program files\assimp\include\assimp\matrix4x4.inl : warning C4819: ファイルは、現在のコード ページ (932) で表示できない文字を含んでいます。データの損失を防ぐために、ファイルを Unicode 形式で保存してください。
c:\users\nayup\documents\visualstudio2017\project_base\gamesystem\cmovesearch.h(45): warning C4018: '<': signed と unsigned の数値を比較しようとしました。
c:\users\nayup\documents\visualstudio2017\project_base\gamesystem\cattacksearch.h(45): warning C4018: '<': signed と unsigned の数値を比較しようとしました。
  CSystemMain.cpp
c:\users\nayup\documents\visualstudio2017\project_base\gamesystem\cmovesearch.h(45): warning C4018: '<': signed と unsigned の数値を比較しようとしました。
c:\users\nayup\documents\visualstudio2017\project_base\gamesystem\cattacksearch.h(45): warning C4018: '<': signed と unsigned の数値を比較しようとしました。
c:\users\nayup\documents\visualstudio2017\project_base\gamesystem\arrowsline.h(37): warning C4018: '<': signed と unsigned の数値を比較しようとしました。
  camera.cpp
c:\users\nayup\documents\visualstudio2017\project_base\camera.cpp(133): warning C4101: 'm_InvViewMatrix': ローカル変数は 1 度も使われていません。
  コードを生成中...
  Project_Base.vcxproj -> C:\Users\nayup\Documents\VisualStudio2017\Project_Base\Debug\Project_Base.exe
