c:\users\nayup\documents\stelemate\debug\vc141.pdb
c:\users\nayup\documents\stelemate\debug\vc141.idb
c:\users\nayup\documents\stelemate\debug\number.obj
c:\users\nayup\documents\stelemate\debug\modelanimation.obj
c:\users\nayup\documents\stelemate\debug\model.obj
c:\users\nayup\documents\stelemate\debug\meshfield.obj
c:\users\nayup\documents\stelemate\debug\manager.obj
c:\users\nayup\documents\stelemate\debug\main.obj
c:\users\nayup\documents\stelemate\debug\input.obj
c:\users\nayup\documents\stelemate\debug\field.obj
c:\users\nayup\documents\stelemate\debug\ctitle.obj
c:\users\nayup\documents\stelemate\debug\cskybox.obj
c:\users\nayup\documents\stelemate\debug\cscore.obj
c:\users\nayup\documents\stelemate\debug\cresult.obj
c:\users\nayup\documents\stelemate\debug\cgame.obj
c:\users\nayup\documents\stelemate\debug\cfade.obj
c:\users\nayup\documents\stelemate\debug\cdrawtext.obj
c:\users\nayup\documents\stelemate\debug\camera.obj
c:\users\nayup\documents\stelemate\debug\billboard.obj
c:\users\nayup\documents\stelemate\debug\cweapondata.obj
c:\users\nayup\documents\stelemate\debug\ccharacterdata.obj
c:\users\nayup\documents\stelemate\debug\audio_clip.obj
c:\users\nayup\documents\stelemate\debug\imgui_impl_sdl.obj
c:\users\nayup\documents\stelemate\debug\imgui_impl_dx11.obj
c:\users\nayup\documents\stelemate\debug\imgui_draw.obj
c:\users\nayup\documents\stelemate\debug\imgui.obj
c:\users\nayup\documents\stelemate\debug\csystemmain.obj
c:\users\nayup\documents\stelemate\debug\csystembattle.obj
c:\users\nayup\documents\stelemate\debug\cpreparation.obj
c:\users\nayup\documents\stelemate\debug\cmovesearch.obj
c:\users\nayup\documents\stelemate\debug\cenemyaimother.obj
c:\users\nayup\documents\stelemate\debug\cenemyai.obj
c:\users\nayup\documents\stelemate\debug\ccursor.obj
c:\users\nayup\documents\stelemate\debug\cbattlecalculation.obj
c:\users\nayup\documents\stelemate\debug\cattacksearch.obj
c:\users\nayup\documents\stelemate\debug\c3dpolygon.obj
c:\users\nayup\documents\stelemate\debug\arrowsline.obj
c:\users\nayup\documents\stelemate\debug\debugui.obj
c:\users\nayup\documents\stelemate\debug\wall.obj
c:\users\nayup\documents\stelemate\debug\texture.obj
c:\users\nayup\documents\stelemate\debug\renderer.obj
c:\users\nayup\documents\stelemate\debug\polygon.obj
c:\users\nayup\documents\stelemate\debug\turnchange_ui.obj
c:\users\nayup\documents\stelemate\debug\titlemenu_ui.obj
c:\users\nayup\documents\stelemate\debug\panelstate_ui.obj
c:\users\nayup\documents\stelemate\debug\gamemenu_ui.obj
c:\users\nayup\documents\stelemate\debug\characterstate.obj
c:\users\nayup\documents\stelemate\debug\battlesimu_ui.obj
c:\users\nayup\documents\stelemate\debug\cstagepanel.obj
c:\users\nayup\documents\stelemate\debug\cstagemanager.obj
c:\users\nayup\documents\stelemate\debug\cstage.obj
c:\users\nayup\documents\stelemate\debug\ccube.obj
c:\users\nayup\documents\stelemate\debug\modelloader.obj
c:\users\nayup\documents\stelemate\debug\imgui_widgets.obj
c:\users\nayup\documents\stelemate\debug\imgui_impl_win32.obj
c:\users\nayup\documents\stelemate\debug\gamemodeselect.obj
c:\users\nayup\documents\stelemate\debug\worldmanager.obj
c:\users\nayup\documents\stelemate\debug\preparation_ui.obj
c:\users\nayup\documents\stelemate\debug\csubcamera.obj
c:\users\nayup\documents\stelemate\debug\shader.obj
c:\users\nayup\documents\stelemate\debug\particle.obj
c:\users\nayup\documents\stelemate\pixelshader.cso
c:\users\nayup\documents\stelemate\vertexshader.cso
c:\users\nayup\documents\stelemate\particle_gshader.cso
c:\users\nayup\documents\stelemate\particle_vshader.cso
c:\users\nayup\documents\stelemate\particle_pshader.cso
c:\users\nayup\documents\stelemate\debug\stalemate.pdb
c:\users\nayup\documents\stelemate\debug\stalemate.tlog\cl.command.1.tlog
c:\users\nayup\documents\stelemate\debug\stalemate.tlog\cl.read.1.tlog
c:\users\nayup\documents\stelemate\debug\stalemate.tlog\cl.write.1.tlog
c:\users\nayup\documents\stelemate\debug\stalemate.tlog\fxc.command.1.tlog
c:\users\nayup\documents\stelemate\debug\stalemate.tlog\fxc.read.1.tlog
c:\users\nayup\documents\stelemate\debug\stalemate.tlog\fxc.write.1.tlog
c:\users\nayup\documents\stelemate\debug\stalemate.tlog\link-cvtres.read.1.tlog
c:\users\nayup\documents\stelemate\debug\stalemate.tlog\link-cvtres.write.1.tlog
c:\users\nayup\documents\stelemate\debug\stalemate.tlog\link-rc.read.1.tlog
c:\users\nayup\documents\stelemate\debug\stalemate.tlog\link-rc.write.1.tlog
c:\users\nayup\documents\stelemate\debug\stalemate.tlog\link.22988-cvtres.read.1.tlog
c:\users\nayup\documents\stelemate\debug\stalemate.tlog\link.22988-cvtres.write.1.tlog
c:\users\nayup\documents\stelemate\debug\stalemate.tlog\link.22988-rc.read.1.tlog
c:\users\nayup\documents\stelemate\debug\stalemate.tlog\link.22988-rc.write.1.tlog
c:\users\nayup\documents\stelemate\debug\stalemate.tlog\link.22988.read.1.tlog
c:\users\nayup\documents\stelemate\debug\stalemate.tlog\link.22988.write.1.tlog
c:\users\nayup\documents\stelemate\debug\stalemate.tlog\link.command.1.tlog
c:\users\nayup\documents\stelemate\debug\stalemate.tlog\link.read.1.tlog
c:\users\nayup\documents\stelemate\debug\stalemate.tlog\link.write.1.tlog
