c:\users\nayup\documents\visualstudio\project_base\x64\debug\vc141.pdb
c:\users\nayup\documents\visualstudio\project_base\x64\debug\vc141.idb
c:\users\nayup\documents\visualstudio\project_base\x64\debug\wall.obj
c:\users\nayup\documents\visualstudio\project_base\x64\debug\texture.obj
c:\users\nayup\documents\visualstudio\project_base\x64\debug\renderer.obj
c:\users\nayup\documents\visualstudio\project_base\x64\debug\polygon.obj
c:\users\nayup\documents\visualstudio\project_base\x64\debug\player.obj
c:\users\nayup\documents\visualstudio\project_base\x64\debug\model.obj
c:\users\nayup\documents\visualstudio\project_base\x64\debug\meshfield.obj
c:\users\nayup\documents\visualstudio\project_base\x64\debug\manager.obj
c:\users\nayup\documents\visualstudio\project_base\x64\debug\main.obj
c:\users\nayup\documents\visualstudio\project_base\x64\debug\input.obj
c:\users\nayup\documents\visualstudio\project_base\x64\debug\field.obj
c:\users\nayup\documents\visualstudio\project_base\x64\debug\enemy.obj
c:\users\nayup\documents\visualstudio\project_base\x64\debug\camera.obj
c:\users\nayup\documents\visualstudio\project_base\x64\debug\billboard.obj
c:\users\nayup\documents\visualstudio\project_base\x64\debug\cbullet.obj
c:\users\nayup\documents\visualstudio\project_base\x64\debug\pixelshader.cso
c:\users\nayup\documents\visualstudio\project_base\x64\debug\vertexshader.cso
c:\users\nayup\documents\visualstudio\project_base\x64\debug\project_base.exe
c:\users\nayup\documents\visualstudio\project_base\x64\debug\project_base.ilk
c:\users\nayup\documents\visualstudio\project_base\x64\debug\project_base.pdb
c:\users\nayup\documents\visualstudio\project_base\x64\debug\cbulletcpp.obj
c:\users\nayup\documents\visualstudio\project_base\x64\debug\project_base.tlog\cl.command.1.tlog
c:\users\nayup\documents\visualstudio\project_base\x64\debug\project_base.tlog\cl.read.1.tlog
c:\users\nayup\documents\visualstudio\project_base\x64\debug\project_base.tlog\cl.write.1.tlog
c:\users\nayup\documents\visualstudio\project_base\x64\debug\project_base.tlog\fxc.command.1.tlog
c:\users\nayup\documents\visualstudio\project_base\x64\debug\project_base.tlog\fxc.read.1.tlog
c:\users\nayup\documents\visualstudio\project_base\x64\debug\project_base.tlog\fxc.write.1.tlog
c:\users\nayup\documents\visualstudio\project_base\x64\debug\project_base.tlog\link.command.1.tlog
c:\users\nayup\documents\visualstudio\project_base\x64\debug\project_base.tlog\link.read.1.tlog
c:\users\nayup\documents\visualstudio\project_base\x64\debug\project_base.tlog\link.write.1.tlog
