  compilation object save succeeded; see C:\Users\nayup\Documents\VisualStudio2017\Project_Base\Release\pixelShader.cso
  compilation object save succeeded; see C:\Users\nayup\Documents\VisualStudio2017\Project_Base\Release\vertexShader.cso
  AssimpModel.cpp
c:\program files\assimp\include\assimp\defs.h : warning C4819: ファイルは、現在のコード ページ (932) で表示できない文字を含んでいます。データの損失を防ぐために、ファイルを Unicode 形式で保存してください。
c:\program files\assimp\include\assimp\matrix3x3.h : warning C4819: ファイルは、現在のコード ページ (932) で表示できない文字を含んでいます。データの損失を防ぐために、ファイルを Unicode 形式で保存してください。
c:\program files\assimp\include\assimp\matrix3x3.inl : warning C4819: ファイルは、現在のコード ページ (932) で表示できない文字を含んでいます。データの損失を防ぐために、ファイルを Unicode 形式で保存してください。
c:\program files\assimp\include\assimp\matrix4x4.inl : warning C4819: ファイルは、現在のコード ページ (932) で表示できない文字を含んでいます。データの損失を防ぐために、ファイルを Unicode 形式で保存してください。
  Billboard.cpp
  camera.cpp
  CBullet.cpp
c:\program files\assimp\include\assimp\defs.h : warning C4819: ファイルは、現在のコード ページ (932) で表示できない文字を含んでいます。データの損失を防ぐために、ファイルを Unicode 形式で保存してください。
c:\program files\assimp\include\assimp\matrix3x3.h : warning C4819: ファイルは、現在のコード ページ (932) で表示できない文字を含んでいます。データの損失を防ぐために、ファイルを Unicode 形式で保存してください。
c:\program files\assimp\include\assimp\matrix3x3.inl : warning C4819: ファイルは、現在のコード ページ (932) で表示できない文字を含んでいます。データの損失を防ぐために、ファイルを Unicode 形式で保存してください。
c:\program files\assimp\include\assimp\matrix4x4.inl : warning C4819: ファイルは、現在のコード ページ (932) で表示できない文字を含んでいます。データの損失を防ぐために、ファイルを Unicode 形式で保存してください。
c:\users\nayup\documents\visualstudio2017\project_base\scene.h(114): warning C4316: 'CCamera': ヒープで割り当てられたオブジェクトが 16 にアラインメントされていない可能性があります
  c:\users\nayup\documents\visualstudio2017\project_base\scene.h(36): note: コンパイル対象の関数 テンプレート インスタンス化 'T *CScene::AddGameObject<CCamera>(int)' のリファレンスを確認してください
          with
          [
              T=CCamera
          ]
  CSkyBox.cpp
c:\program files\assimp\include\assimp\defs.h : warning C4819: ファイルは、現在のコード ページ (932) で表示できない文字を含んでいます。データの損失を防ぐために、ファイルを Unicode 形式で保存してください。
c:\program files\assimp\include\assimp\matrix3x3.h : warning C4819: ファイルは、現在のコード ページ (932) で表示できない文字を含んでいます。データの損失を防ぐために、ファイルを Unicode 形式で保存してください。
c:\program files\assimp\include\assimp\matrix3x3.inl : warning C4819: ファイルは、現在のコード ページ (932) で表示できない文字を含んでいます。データの損失を防ぐために、ファイルを Unicode 形式で保存してください。
c:\program files\assimp\include\assimp\matrix4x4.inl : warning C4819: ファイルは、現在のコード ページ (932) で表示できない文字を含んでいます。データの損失を防ぐために、ファイルを Unicode 形式で保存してください。
c:\users\nayup\documents\visualstudio2017\project_base\scene.h(114): warning C4316: 'CCamera': ヒープで割り当てられたオブジェクトが 16 にアラインメントされていない可能性があります
  c:\users\nayup\documents\visualstudio2017\project_base\scene.h(36): note: コンパイル対象の関数 テンプレート インスタンス化 'T *CScene::AddGameObject<CCamera>(int)' のリファレンスを確認してください
          with
          [
              T=CCamera
          ]
  DebugUi.cpp
c:\program files\assimp\include\assimp\defs.h : warning C4819: ファイルは、現在のコード ページ (932) で表示できない文字を含んでいます。データの損失を防ぐために、ファイルを Unicode 形式で保存してください。
c:\program files\assimp\include\assimp\matrix3x3.h : warning C4819: ファイルは、現在のコード ページ (932) で表示できない文字を含んでいます。データの損失を防ぐために、ファイルを Unicode 形式で保存してください。
c:\program files\assimp\include\assimp\matrix3x3.inl : warning C4819: ファイルは、現在のコード ページ (932) で表示できない文字を含んでいます。データの損失を防ぐために、ファイルを Unicode 形式で保存してください。
c:\program files\assimp\include\assimp\matrix4x4.inl : warning C4819: ファイルは、現在のコード ページ (932) で表示できない文字を含んでいます。データの損失を防ぐために、ファイルを Unicode 形式で保存してください。
c:\users\nayup\documents\visualstudio2017\project_base\debugui\debugui.cpp(20): error C2653: 'CDebugUI': 識別子がクラス名でも名前空間名でもありません。
c:\users\nayup\documents\visualstudio2017\project_base\debugui\debugui.cpp(27): error C2653: 'CDebugUI': 識別子がクラス名でも名前空間名でもありません。
c:\users\nayup\documents\visualstudio2017\project_base\debugui\debugui.cpp(36): error C2653: 'CDebugUI': 識別子がクラス名でも名前空間名でもありません。
c:\users\nayup\documents\visualstudio2017\project_base\debugui\debugui.cpp(45): error C2653: 'CDebugUI': 識別子がクラス名でも名前空間名でもありません。
  Enemy.cpp
c:\program files\assimp\include\assimp\defs.h : warning C4819: ファイルは、現在のコード ページ (932) で表示できない文字を含んでいます。データの損失を防ぐために、ファイルを Unicode 形式で保存してください。
c:\program files\assimp\include\assimp\matrix3x3.h : warning C4819: ファイルは、現在のコード ページ (932) で表示できない文字を含んでいます。データの損失を防ぐために、ファイルを Unicode 形式で保存してください。
c:\program files\assimp\include\assimp\matrix3x3.inl : warning C4819: ファイルは、現在のコード ページ (932) で表示できない文字を含んでいます。データの損失を防ぐために、ファイルを Unicode 形式で保存してください。
c:\program files\assimp\include\assimp\matrix4x4.inl : warning C4819: ファイルは、現在のコード ページ (932) で表示できない文字を含んでいます。データの損失を防ぐために、ファイルを Unicode 形式で保存してください。
  Field.cpp
  imgui.cpp
  imgui_draw.cpp
  imgui_impl_dx11.cpp
  imgui_impl_sdl.cpp
  imgui_impl_win32.cpp
  imgui_widgets.cpp
  input.cpp
  main.cpp
c:\users\nayup\documents\visualstudio2017\project_base\main.cpp(138): error C2653: 'CDebugUI': 識別子がクラス名でも名前空間名でもありません。
c:\users\nayup\documents\visualstudio2017\project_base\main.cpp(138): error C3861: 'Finalize': 識別子が見つかりませんでした
  manager.cpp
c:\program files\assimp\include\assimp\defs.h : warning C4819: ファイルは、現在のコード ページ (932) で表示できない文字を含んでいます。データの損失を防ぐために、ファイルを Unicode 形式で保存してください。
c:\program files\assimp\include\assimp\matrix3x3.h : warning C4819: ファイルは、現在のコード ページ (932) で表示できない文字を含んでいます。データの損失を防ぐために、ファイルを Unicode 形式で保存してください。
c:\program files\assimp\include\assimp\matrix3x3.inl : warning C4819: ファイルは、現在のコード ページ (932) で表示できない文字を含んでいます。データの損失を防ぐために、ファイルを Unicode 形式で保存してください。
c:\program files\assimp\include\assimp\matrix4x4.inl : warning C4819: ファイルは、現在のコード ページ (932) で表示できない文字を含んでいます。データの損失を防ぐために、ファイルを Unicode 形式で保存してください。
c:\users\nayup\documents\visualstudio2017\project_base\manager.cpp(37): error C2653: 'CDebugUI': 識別子がクラス名でも名前空間名でもありません。
c:\users\nayup\documents\visualstudio2017\project_base\manager.cpp(54): error C2653: 'CDebugUI': 識別子がクラス名でも名前空間名でもありません。
  MeshField.cpp
c:\users\nayup\documents\visualstudio2017\project_base\meshfield.cpp(75): warning C4244: '初期化中': 'float' から 'unsigned int' への変換です。データが失われる可能性があります。
c:\users\nayup\documents\visualstudio2017\project_base\meshfield.cpp(78): warning C4244: '初期化中': 'float' から 'int' への変換です。データが失われる可能性があります。
c:\users\nayup\documents\visualstudio2017\project_base\meshfield.cpp(85): warning C4244: '引数': 'int' から 'float' への変換です。データが失われる可能性があります。
c:\users\nayup\documents\visualstudio2017\project_base\meshfield.cpp(101): warning C4244: '=': 'float' から 'UINT' への変換です。データが失われる可能性があります。
c:\users\nayup\documents\visualstudio2017\project_base\meshfield.cpp(116): warning C4244: '初期化中': 'float' から 'unsigned int' への変換です。データが失われる可能性があります。
c:\users\nayup\documents\visualstudio2017\project_base\meshfield.cpp(122): warning C4244: '初期化中': 'float' から 'int' への変換です。データが失われる可能性があります。
c:\users\nayup\documents\visualstudio2017\project_base\meshfield.cpp(126): warning C4244: '=': 'float' から 'unsigned short' への変換です。データが失われる可能性があります。
c:\users\nayup\documents\visualstudio2017\project_base\meshfield.cpp(136): warning C4244: '=': 'float' から 'unsigned short' への変換です。データが失われる可能性があります。
c:\users\nayup\documents\visualstudio2017\project_base\meshfield.cpp(144): warning C4244: '=': 'float' から 'UINT' への変換です。データが失われる可能性があります。
c:\users\nayup\documents\visualstudio2017\project_base\meshfield.cpp(193): warning C4244: '引数': 'float' から 'UINT' への変換です。データが失われる可能性があります。
c:\users\nayup\documents\visualstudio2017\project_base\meshfield.cpp(216): warning C4244: '初期化中': 'float' から 'unsigned int' への変換です。データが失われる可能性があります。
c:\users\nayup\documents\visualstudio2017\project_base\meshfield.cpp(219): warning C4244: '初期化中': 'float' から 'int' への変換です。データが失われる可能性があります。
c:\users\nayup\documents\visualstudio2017\project_base\meshfield.cpp(227): warning C4244: '引数': 'int' から 'float' への変換です。データが失われる可能性があります。
c:\users\nayup\documents\visualstudio2017\project_base\meshfield.cpp(273): warning C4244: '=': 'float' から 'UINT' への変換です。データが失われる可能性があります。
c:\users\nayup\documents\visualstudio2017\project_base\meshfield.cpp(288): warning C4244: '初期化中': 'float' から 'unsigned int' への変換です。データが失われる可能性があります。
c:\users\nayup\documents\visualstudio2017\project_base\meshfield.cpp(294): warning C4244: '初期化中': 'float' から 'int' への変換です。データが失われる可能性があります。
c:\users\nayup\documents\visualstudio2017\project_base\meshfield.cpp(298): warning C4244: '=': 'float' から 'WORD' への変換です。データが失われる可能性があります。
c:\users\nayup\documents\visualstudio2017\project_base\meshfield.cpp(308): warning C4244: '=': 'float' から 'WORD' への変換です。データが失われる可能性があります。
c:\users\nayup\documents\visualstudio2017\project_base\meshfield.cpp(316): warning C4244: '=': 'float' から 'UINT' への変換です。データが失われる可能性があります。
c:\users\nayup\documents\visualstudio2017\project_base\meshfield.cpp(342): warning C4244: '=': 'float' から 'int' への変換です。データが失われる可能性があります。
c:\users\nayup\documents\visualstudio2017\project_base\meshfield.cpp(343): warning C4244: '=': 'float' から 'int' への変換です。データが失われる可能性があります。
  model.cpp
c:\program files\assimp\include\assimp\defs.h : warning C4819: ファイルは、現在のコード ページ (932) で表示できない文字を含んでいます。データの損失を防ぐために、ファイルを Unicode 形式で保存してください。
c:\program files\assimp\include\assimp\matrix3x3.h : warning C4819: ファイルは、現在のコード ページ (932) で表示できない文字を含んでいます。データの損失を防ぐために、ファイルを Unicode 形式で保存してください。
c:\program files\assimp\include\assimp\matrix3x3.inl : warning C4819: ファイルは、現在のコード ページ (932) で表示できない文字を含んでいます。データの損失を防ぐために、ファイルを Unicode 形式で保存してください。
c:\program files\assimp\include\assimp\matrix4x4.inl : warning C4819: ファイルは、現在のコード ページ (932) で表示できない文字を含んでいます。データの損失を防ぐために、ファイルを Unicode 形式で保存してください。
c:\users\nayup\documents\visualstudio2017\project_base\model.cpp(501): warning C4018: '<': signed と unsigned の数値を比較しようとしました。
c:\users\nayup\documents\visualstudio2017\project_base\model.cpp(504): warning C4018: '<': signed と unsigned の数値を比較しようとしました。
c:\users\nayup\documents\visualstudio2017\project_base\model.cpp(568): warning C4018: '<': signed と unsigned の数値を比較しようとしました。
c:\users\nayup\documents\visualstudio2017\project_base\model.cpp(578): warning C4018: '<': signed と unsigned の数値を比較しようとしました。
c:\users\nayup\documents\visualstudio2017\project_base\model.cpp(586): warning C4018: '<': signed と unsigned の数値を比較しようとしました。
c:\users\nayup\documents\visualstudio2017\project_base\model.cpp(589): warning C4018: '<': signed と unsigned の数値を比較しようとしました。
c:\users\nayup\documents\visualstudio2017\project_base\model.cpp(618): warning C4018: '<': signed と unsigned の数値を比較しようとしました。
  Player.cpp
c:\program files\assimp\include\assimp\defs.h : warning C4819: ファイルは、現在のコード ページ (932) で表示できない文字を含んでいます。データの損失を防ぐために、ファイルを Unicode 形式で保存してください。
c:\program files\assimp\include\assimp\matrix3x3.h : warning C4819: ファイルは、現在のコード ページ (932) で表示できない文字を含んでいます。データの損失を防ぐために、ファイルを Unicode 形式で保存してください。
c:\program files\assimp\include\assimp\matrix3x3.inl : warning C4819: ファイルは、現在のコード ページ (932) で表示できない文字を含んでいます。データの損失を防ぐために、ファイルを Unicode 形式で保存してください。
c:\program files\assimp\include\assimp\matrix4x4.inl : warning C4819: ファイルは、現在のコード ページ (932) で表示できない文字を含んでいます。データの損失を防ぐために、ファイルを Unicode 形式で保存してください。
c:\users\nayup\documents\visualstudio2017\project_base\player.cpp(91): warning C4101: 'vec': ローカル変数は 1 度も使われていません。
c:\users\nayup\documents\visualstudio2017\project_base\scene.h(114): warning C4316: 'CCamera': ヒープで割り当てられたオブジェクトが 16 にアラインメントされていない可能性があります
  c:\users\nayup\documents\visualstudio2017\project_base\scene.h(36): note: コンパイル対象の関数 テンプレート インスタンス化 'T *CScene::AddGameObject<CCamera>(int)' のリファレンスを確認してください
          with
          [
              T=CCamera
          ]
  コンパイル中...
  polygon.cpp
  renderer.cpp
  CCube.cpp
  CStage.cpp
c:\users\nayup\documents\visualstudio2017\project_base\stage\cstage.cpp(15): warning C4244: '引数': 'int' から 'float' への変換です。データが失われる可能性があります。
  CStageManager.cpp
  CStagePanel.cpp
  texture.cpp
c:\users\nayup\documents\visualstudio2017\project_base\texture.cpp(122): warning C4101: 'texture': ローカル変数は 1 度も使われていません。
  Wall.cpp
