C:\Program Files (x86)\Microsoft Visual Studio\2017\Professional\Common7\IDE\VC\VCTargets\Microsoft.CppBuild.targets(391,5): warning MSB8028: 中間ディレクトリ (Release\) に別のプロジェクト (Project_Base.vcxproj) と共有されているファイルが含まれています。これにより、クリーンしてリビルド動作が適切に行われない可能性があります。
  audio_clip.cpp
  DebugUi.cpp
c:\users\nayup\documents\visualstudio2017\project_base\gamesystem\cmovesearch.h(45): warning C4018: '<': signed と unsigned の数値を比較しようとしました。
c:\users\nayup\documents\visualstudio2017\project_base\gamesystem\cattacksearch.h(45): warning C4018: '<': signed と unsigned の数値を比較しようとしました。
c:\program files\assimp\include\assimp\defs.h : warning C4819: ファイルは、現在のコード ページ (932) で表示できない文字を含んでいます。データの損失を防ぐために、ファイルを Unicode 形式で保存してください。
c:\program files\assimp\include\assimp\matrix3x3.h : warning C4819: ファイルは、現在のコード ページ (932) で表示できない文字を含んでいます。データの損失を防ぐために、ファイルを Unicode 形式で保存してください。
c:\program files\assimp\include\assimp\matrix3x3.inl : warning C4819: ファイルは、現在のコード ページ (932) で表示できない文字を含んでいます。データの損失を防ぐために、ファイルを Unicode 形式で保存してください。
c:\program files\assimp\include\assimp\matrix4x4.inl : warning C4819: ファイルは、現在のコード ページ (932) で表示できない文字を含んでいます。データの損失を防ぐために、ファイルを Unicode 形式で保存してください。
  Field.cpp
  imgui_draw.cpp
  main.cpp
c:\users\nayup\documents\visualstudio2017\project_base\gamesystem\cmovesearch.h(45): warning C4018: '<': signed と unsigned の数値を比較しようとしました。
c:\users\nayup\documents\visualstudio2017\project_base\gamesystem\cattacksearch.h(45): warning C4018: '<': signed と unsigned の数値を比較しようとしました。
  manager.cpp
c:\users\nayup\documents\visualstudio2017\project_base\gamesystem\cmovesearch.h(45): warning C4018: '<': signed と unsigned の数値を比較しようとしました。
c:\users\nayup\documents\visualstudio2017\project_base\gamesystem\cattacksearch.h(45): warning C4018: '<': signed と unsigned の数値を比較しようとしました。
  MeshField.cpp
c:\users\nayup\documents\visualstudio2017\project_base\meshfield.cpp(75): warning C4244: '初期化中': 'float' から 'unsigned int' への変換です。データが失われる可能性があります。
c:\users\nayup\documents\visualstudio2017\project_base\meshfield.cpp(78): warning C4244: '初期化中': 'float' から 'int' への変換です。データが失われる可能性があります。
c:\users\nayup\documents\visualstudio2017\project_base\meshfield.cpp(85): warning C4244: '引数': 'int' から 'float' への変換です。データが失われる可能性があります。
c:\users\nayup\documents\visualstudio2017\project_base\meshfield.cpp(101): warning C4244: '=': 'float' から 'UINT' への変換です。データが失われる可能性があります。
c:\users\nayup\documents\visualstudio2017\project_base\meshfield.cpp(116): warning C4244: '初期化中': 'float' から 'unsigned int' への変換です。データが失われる可能性があります。
c:\users\nayup\documents\visualstudio2017\project_base\meshfield.cpp(122): warning C4244: '初期化中': 'float' から 'int' への変換です。データが失われる可能性があります。
c:\users\nayup\documents\visualstudio2017\project_base\meshfield.cpp(126): warning C4244: '=': 'float' から 'unsigned short' への変換です。データが失われる可能性があります。
c:\users\nayup\documents\visualstudio2017\project_base\meshfield.cpp(136): warning C4244: '=': 'float' から 'unsigned short' への変換です。データが失われる可能性があります。
c:\users\nayup\documents\visualstudio2017\project_base\meshfield.cpp(144): warning C4244: '=': 'float' から 'UINT' への変換です。データが失われる可能性があります。
c:\users\nayup\documents\visualstudio2017\project_base\meshfield.cpp(193): warning C4244: '引数': 'float' から 'UINT' への変換です。データが失われる可能性があります。
c:\users\nayup\documents\visualstudio2017\project_base\meshfield.cpp(216): warning C4244: '初期化中': 'float' から 'unsigned int' への変換です。データが失われる可能性があります。
c:\users\nayup\documents\visualstudio2017\project_base\meshfield.cpp(219): warning C4244: '初期化中': 'float' から 'int' への変換です。データが失われる可能性があります。
c:\users\nayup\documents\visualstudio2017\project_base\meshfield.cpp(227): warning C4244: '引数': 'int' から 'float' への変換です。データが失われる可能性があります。
c:\users\nayup\documents\visualstudio2017\project_base\meshfield.cpp(273): warning C4244: '=': 'float' から 'UINT' への変換です。データが失われる可能性があります。
c:\users\nayup\documents\visualstudio2017\project_base\meshfield.cpp(288): warning C4244: '初期化中': 'float' から 'unsigned int' への変換です。データが失われる可能性があります。
c:\users\nayup\documents\visualstudio2017\project_base\meshfield.cpp(294): warning C4244: '初期化中': 'float' から 'int' への変換です。データが失われる可能性があります。
c:\users\nayup\documents\visualstudio2017\project_base\meshfield.cpp(298): warning C4244: '=': 'float' から 'WORD' への変換です。データが失われる可能性があります。
c:\users\nayup\documents\visualstudio2017\project_base\meshfield.cpp(308): warning C4244: '=': 'float' から 'WORD' への変換です。データが失われる可能性があります。
c:\users\nayup\documents\visualstudio2017\project_base\meshfield.cpp(316): warning C4244: '=': 'float' から 'UINT' への変換です。データが失われる可能性があります。
c:\users\nayup\documents\visualstudio2017\project_base\meshfield.cpp(342): warning C4244: '=': 'float' から 'int' への変換です。データが失われる可能性があります。
c:\users\nayup\documents\visualstudio2017\project_base\meshfield.cpp(343): warning C4244: '=': 'float' から 'int' への変換です。データが失われる可能性があります。
  コード生成しています。
  All 1536 functions were compiled because no usable IPDB/IOBJ from previous compilation was found.
  コード生成が終了しました。
  Stalemate.vcxproj -> C:\Users\nayup\Documents\VisualStudio2017\Project_Base\Release\Stalemate.exe
